<?xml version="1.0" encoding="utf-8"?>
<test-run id="0" testcasecount="1" total="1" passed="0" failed="1" inconclusive="0" skipped="0" asserts="0" result="Failed" portable-engine-version="3.3.0.0" start-time="2017-03-01 22:05:55Z" end-time="2017-03-04 14:03:17Z" duration="230241.905641">
  <test-run id="0" testcasecount="1" total="1" passed="0" failed="1" inconclusive="0" skipped="0" asserts="0" result="Failed" portable-engine-version="3.3.0.0" start-time="2017-03-01 22:05:55Z" end-time="2017-03-04 14:03:17Z" duration="230241.172599">
    <test-suite type="Assembly" id="3651" name="dotNetRDF.Test.DLL" fullname="E:/Piskorz/Projekty/github/dotnetrdf/dotnetrdf/Testing/unittest/bin/Debug/net451/win7-x64/dotNetRDF.Test.DLL" runstate="Runnable" testcasecount="2436" result="Failed" site="Child" start-time="2017-03-01 22:05:55Z" end-time="2017-03-04 14:03:16Z" duration="230234.948013" total="1" passed="0" failed="1" warnings="0" inconclusive="0" skipped="0" asserts="0">
      <environment framework-version="3.6.1.0" clr-version="4.0.30319.42000" os-version="Microsoft Windows NT 6.1.7601 Service Pack 1" platform="Win32NT" cwd="E:\Piskorz\Projekty\github\dotnetrdf\dotnetrdf" machine-name="PISKORZ-DELL" user="Piskorz" user-domain="Piskorz-Dell" culture="pl-PL" uiculture="pl-PL" os-architecture="x64" />
      <settings>
        <setting name="WorkDirectory" value="E:\Piskorz\Projekty\github\dotnetrdf\dotnetrdf" />
        <setting name="DebugTests" value="True" />
        <setting name="NumberOfTestWorkers" value="8" />
      </settings>
      <properties>
        <property name="_PID" value="28304" />
        <property name="_APPDOMAIN" value="dotnet-test-nunit.exe" />
      </properties>
      <failure>
        <message><![CDATA[One or more child tests had errors]]></message>
      </failure>
      <test-suite type="TestSuite" id="3652" name="VDS" fullname="VDS" runstate="Runnable" testcasecount="2436" result="Failed" site="Child" start-time="2017-03-01 22:05:55Z" end-time="2017-03-04 14:03:16Z" duration="230234.924184" total="1" passed="0" failed="1" warnings="0" inconclusive="0" skipped="0" asserts="0">
        <properties />
        <failure>
          <message><![CDATA[One or more child tests had errors]]></message>
        </failure>
        <test-suite type="TestSuite" id="3653" name="RDF" fullname="VDS.RDF" runstate="Runnable" testcasecount="2436" result="Failed" site="Child" start-time="2017-03-01 22:05:55Z" end-time="2017-03-04 14:03:16Z" duration="230234.921207" total="1" passed="0" failed="1" warnings="0" inconclusive="0" skipped="0" asserts="0">
          <properties />
          <failure>
            <message><![CDATA[One or more child tests had errors]]></message>
          </failure>
          <test-suite type="TestSuite" id="3654" name="Writing" fullname="VDS.RDF.Writing" runstate="Runnable" testcasecount="146" result="Failed" site="Child" start-time="2017-03-01 22:05:55Z" end-time="2017-03-04 14:03:16Z" duration="230234.918848" total="1" passed="0" failed="1" warnings="0" inconclusive="0" skipped="0" asserts="0">
            <properties />
            <failure>
              <message><![CDATA[One or more child tests had errors]]></message>
            </failure>
            <test-suite type="TestFixture" id="1622" name="WriterTests" fullname="VDS.RDF.Writing.WriterTests" classname="VDS.RDF.Writing.WriterTests" runstate="Runnable" testcasecount="7" result="Failed" site="Child" start-time="2017-03-01 22:05:55Z" end-time="2017-03-04 14:03:16Z" duration="230234.912981" total="1" passed="0" failed="1" warnings="0" inconclusive="0" skipped="0" asserts="0">
              <properties />
              <failure>
                <message><![CDATA[One or more child tests had errors]]></message>
              </failure>
              <test-case id="1624" name="WritingOwlCharEscaping" fullname="VDS.RDF.Writing.WriterTests.WritingOwlCharEscaping" methodname="WritingOwlCharEscaping" classname="VDS.RDF.Writing.WriterTests" runstate="Runnable" seed="673632727" result="Failed" label="Error" start-time="2017-03-01 22:05:55Z" end-time="2017-03-04 14:03:16Z" duration="230234.876612" asserts="0">
                <properties>
                  <property name="Category" value="dupa" />
                </properties>
                <failure>
                  <message><![CDATA[System.IO.FileNotFoundException : Cannot read RDF from the File '..\resources\charescaping.owl' since it doesn't exist]]></message>
                  <stack-trace><![CDATA[   w VDS.RDF.Parsing.FileLoader.Load(IGraph g, String filename, IRdfReader parser) w E:\Piskorz\Projekty\github\dotnetrdf\dotnetrdf\Libraries\dotNetRDF\Parsing\FileLoader.cs:wiersz 98
   w VDS.RDF.Parsing.FileLoader.Load(IGraph g, String filename) w E:\Piskorz\Projekty\github\dotnetrdf\dotnetrdf\Libraries\dotNetRDF\Parsing\FileLoader.cs:wiersz 60
   w VDS.RDF.Writing.WriterTests.WritingOwlCharEscaping() w E:\Piskorz\Projekty\github\dotnetrdf\dotnetrdf\Testing\unittest\Writing\WriterTests.cs:wiersz 84]]></stack-trace>
                </failure>
              </test-case>
            </test-suite>
          </test-suite>
        </test-suite>
      </test-suite>
    </test-suite>
  </test-run>
</test-run>